<?xml version="1.0" encoding="UTF-8"?>
<testng-results skipped="0" failed="0" ignored="0" total="1" passed="1">
  <reporter-output>
  </reporter-output>
  <suite name="Default suite" duration-ms="565" started-at="2019-09-20T04:06:38Z" finished-at="2019-09-20T04:06:38Z">
    <groups>
    </groups>
    <test name="Default test" duration-ms="565" started-at="2019-09-20T04:06:38Z" finished-at="2019-09-20T04:06:38Z">
      <class name="demo.Test1">
        <test-method status="PASS" signature="testData()[pri:0, instance:demo.Test1@3aeaafa6]" name="testData" duration-ms="546" started-at="2019-09-20T04:06:38Z" finished-at="2019-09-20T04:06:38Z">
          <reporter-output>
          </reporter-output>
        </test-method> <!-- testData -->
      </class> <!-- demo.Test1 -->
    </test> <!-- Default test -->
  </suite> <!-- Default suite -->
</testng-results>
