<?xml version="1.0" encoding="UTF-8"?>
<!-- Generated by org.testng.reporters.JUnitXMLReporter -->
<testsuite hostname="LAPTOP-5M6A98T7" ignored="1" name="Default test" tests="1" failures="0" timestamp="01 Mar 2020 14:24:48 GMT" time="2.369" errors="0">
  <testcase name="getLaptopData" time="2.333" classname="day5_Duplicate.PostMethod"/>
  <testcase name="addDataThroughPostMethod" time="0.0" classname="day5_Duplicate.PostMethod">
    <ignored/>
  </testcase> <!-- addDataThroughPostMethod -->
</testsuite> <!-- Default test -->
